<?xml version="1.0" encoding="UTF-8"?>
<testsuite xmlns:xsi="http://www.w3.org/2001/XMLSchema-instance" xsi:noNamespaceSchemaLocation="https://maven.apache.org/surefire/maven-surefire-plugin/xsd/surefire-test-report-3.0.xsd" version="3.0" name="com.vanke.cn.util.ExcelUtilTest" time="0.622" tests="1" errors="0" skipped="0" failures="0">
  <properties>
    <property name="sun.desktop" value="windows"/>
    <property name="awt.toolkit" value="sun.awt.windows.WToolkit"/>
    <property name="file.encoding.pkg" value="sun.io"/>
    <property name="java.specification.version" value="1.8"/>
    <property name="sun.cpu.isalist" value="amd64"/>
    <property name="sun.jnu.encoding" value="GBK"/>
    <property name="java.class.path" value="D:\juan_test\IdeaProjects\auto\target\test-classes;D:\juan_test\IdeaProjects\auto\target\classes;D:\juan_test\IdeaMaven-repository\io\qameta\allure\allure-junit5\2.13.0\allure-junit5-2.13.0.jar;D:\juan_test\IdeaMaven-repository\io\qameta\allure\allure-junit-platform\2.13.0\allure-junit-platform-2.13.0.jar;D:\juan_test\IdeaMaven-repository\io\qameta\allure\allure-java-commons\2.13.0\allure-java-commons-2.13.0.jar;D:\juan_test\IdeaMaven-repository\io\qameta\allure\allure-model\2.13.0\allure-model-2.13.0.jar;D:\juan_test\IdeaMaven-repository\org\apache\tika\tika-core\1.20\tika-core-1.20.jar;D:\juan_test\IdeaMaven-repository\org\jooq\joor-java-8\0.9.10\joor-java-8-0.9.10.jar;D:\juan_test\IdeaMaven-repository\org\junit\jupiter\junit-jupiter-api\5.5.2\junit-jupiter-api-5.5.2.jar;D:\juan_test\IdeaMaven-repository\org\opentest4j\opentest4j\1.2.0\opentest4j-1.2.0.jar;D:\juan_test\IdeaMaven-repository\org\junit\platform\junit-platform-commons\1.5.2\junit-platform-commons-1.5.2.jar;D:\juan_test\IdeaMaven-repository\org\junit\platform\junit-platform-launcher\1.5.2\junit-platform-launcher-1.5.2.jar;D:\juan_test\IdeaMaven-repository\org\springframework\boot\spring-boot-starter-web\2.2.1.RELEASE\spring-boot-starter-web-2.2.1.RELEASE.jar;D:\juan_test\IdeaMaven-repository\org\springframework\boot\spring-boot-starter\2.2.1.RELEASE\spring-boot-starter-2.2.1.RELEASE.jar;D:\juan_test\IdeaMaven-repository\org\springframework\boot\spring-boot-autoconfigure\2.2.1.RELEASE\spring-boot-autoconfigure-2.2.1.RELEASE.jar;D:\juan_test\IdeaMaven-repository\org\springframework\boot\spring-boot-starter-logging\2.2.1.RELEASE\spring-boot-starter-logging-2.2.1.RELEASE.jar;D:\juan_test\IdeaMaven-repository\ch\qos\logback\logback-classic\1.2.3\logback-classic-1.2.3.jar;D:\juan_test\IdeaMaven-repository\ch\qos\logback\logback-core\1.2.3\logback-core-1.2.3.jar;D:\juan_test\IdeaMaven-repository\org\apache\logging\log4j\log4j-to-slf4j\2.12.1\log4j-to-slf4j-2.12.1.jar;D:\juan_test\IdeaMaven-repository\org\apache\logging\log4j\log4j-api\2.12.1\log4j-api-2.12.1.jar;D:\juan_test\IdeaMaven-repository\org\slf4j\jul-to-slf4j\1.7.29\jul-to-slf4j-1.7.29.jar;D:\juan_test\IdeaMaven-repository\jakarta\annotation\jakarta.annotation-api\1.3.5\jakarta.annotation-api-1.3.5.jar;D:\juan_test\IdeaMaven-repository\org\yaml\snakeyaml\1.25\snakeyaml-1.25.jar;D:\juan_test\IdeaMaven-repository\org\springframework\boot\spring-boot-starter-json\2.2.1.RELEASE\spring-boot-starter-json-2.2.1.RELEASE.jar;D:\juan_test\IdeaMaven-repository\com\fasterxml\jackson\core\jackson-databind\2.10.0\jackson-databind-2.10.0.jar;D:\juan_test\IdeaMaven-repository\com\fasterxml\jackson\core\jackson-annotations\2.10.0\jackson-annotations-2.10.0.jar;D:\juan_test\IdeaMaven-repository\com\fasterxml\jackson\core\jackson-core\2.10.0\jackson-core-2.10.0.jar;D:\juan_test\IdeaMaven-repository\com\fasterxml\jackson\datatype\jackson-datatype-jdk8\2.10.0\jackson-datatype-jdk8-2.10.0.jar;D:\juan_test\IdeaMaven-repository\com\fasterxml\jackson\datatype\jackson-datatype-jsr310\2.10.0\jackson-datatype-jsr310-2.10.0.jar;D:\juan_test\IdeaMaven-repository\com\fasterxml\jackson\module\jackson-module-parameter-names\2.10.0\jackson-module-parameter-names-2.10.0.jar;D:\juan_test\IdeaMaven-repository\org\springframework\boot\spring-boot-starter-tomcat\2.2.1.RELEASE\spring-boot-starter-tomcat-2.2.1.RELEASE.jar;D:\juan_test\IdeaMaven-repository\org\apache\tomcat\embed\tomcat-embed-core\9.0.27\tomcat-embed-core-9.0.27.jar;D:\juan_test\IdeaMaven-repository\org\apache\tomcat\embed\tomcat-embed-el\9.0.27\tomcat-embed-el-9.0.27.jar;D:\juan_test\IdeaMaven-repository\org\apache\tomcat\embed\tomcat-embed-websocket\9.0.27\tomcat-embed-websocket-9.0.27.jar;D:\juan_test\IdeaMaven-repository\org\springframework\boot\spring-boot-starter-validation\2.2.1.RELEASE\spring-boot-starter-validation-2.2.1.RELEASE.jar;D:\juan_test\IdeaMaven-repository\jakarta\validation\jakarta.validation-api\2.0.1\jakarta.validation-api-2.0.1.jar;D:\juan_test\IdeaMaven-repository\org\hibernate\validator\hibernate-validator\6.0.18.Final\hibernate-validator-6.0.18.Final.jar;D:\juan_test\IdeaMaven-repository\org\jboss\logging\jboss-logging\3.4.1.Final\jboss-logging-3.4.1.Final.jar;D:\juan_test\IdeaMaven-repository\com\fasterxml\classmate\1.5.1\classmate-1.5.1.jar;D:\juan_test\IdeaMaven-repository\org\springframework\spring-webmvc\5.2.1.RELEASE\spring-webmvc-5.2.1.RELEASE.jar;D:\juan_test\IdeaMaven-repository\org\springframework\spring-aop\5.2.1.RELEASE\spring-aop-5.2.1.RELEASE.jar;D:\juan_test\IdeaMaven-repository\org\springframework\spring-context\5.2.1.RELEASE\spring-context-5.2.1.RELEASE.jar;D:\juan_test\IdeaMaven-repository\org\springframework\spring-expression\5.2.1.RELEASE\spring-expression-5.2.1.RELEASE.jar;D:\juan_test\IdeaMaven-repository\org\springframework\spring-web\5.2.1.RELEASE\spring-web-5.2.1.RELEASE.jar;D:\juan_test\IdeaMaven-repository\org\springframework\spring-beans\5.2.1.RELEASE\spring-beans-5.2.1.RELEASE.jar;D:\juan_test\IdeaMaven-repository\org\springframework\spring-core\5.2.1.RELEASE\spring-core-5.2.1.RELEASE.jar;D:\juan_test\IdeaMaven-repository\org\springframework\spring-jcl\5.2.1.RELEASE\spring-jcl-5.2.1.RELEASE.jar;D:\juan_test\IdeaMaven-repository\org\springframework\boot\spring-boot-test\2.2.1.RELEASE\spring-boot-test-2.2.1.RELEASE.jar;D:\juan_test\IdeaMaven-repository\org\springframework\boot\spring-boot\2.2.1.RELEASE\spring-boot-2.2.1.RELEASE.jar;D:\juan_test\IdeaMaven-repository\net\sourceforge\jexcelapi\jxl\2.6.12\jxl-2.6.12.jar;D:\juan_test\IdeaMaven-repository\log4j\log4j\1.2.14\log4j-1.2.14.jar;D:\juan_test\IdeaMaven-repository\org\springframework\boot\spring-boot-starter-test\2.2.1.RELEASE\spring-boot-starter-test-2.2.1.RELEASE.jar;D:\juan_test\IdeaMaven-repository\org\springframework\boot\spring-boot-test-autoconfigure\2.2.1.RELEASE\spring-boot-test-autoconfigure-2.2.1.RELEASE.jar;D:\juan_test\IdeaMaven-repository\com\jayway\jsonpath\json-path\2.4.0\json-path-2.4.0.jar;D:\juan_test\IdeaMaven-repository\net\minidev\json-smart\2.3\json-smart-2.3.jar;D:\juan_test\IdeaMaven-repository\net\minidev\accessors-smart\1.2\accessors-smart-1.2.jar;D:\juan_test\IdeaMaven-repository\org\ow2\asm\asm\5.0.4\asm-5.0.4.jar;D:\juan_test\IdeaMaven-repository\org\slf4j\slf4j-api\1.7.29\slf4j-api-1.7.29.jar;D:\juan_test\IdeaMaven-repository\jakarta\xml\bind\jakarta.xml.bind-api\2.3.2\jakarta.xml.bind-api-2.3.2.jar;D:\juan_test\IdeaMaven-repository\jakarta\activation\jakarta.activation-api\1.2.1\jakarta.activation-api-1.2.1.jar;D:\juan_test\IdeaMaven-repository\org\junit\jupiter\junit-jupiter\5.5.2\junit-jupiter-5.5.2.jar;D:\juan_test\IdeaMaven-repository\org\junit\jupiter\junit-jupiter-params\5.5.2\junit-jupiter-params-5.5.2.jar;D:\juan_test\IdeaMaven-repository\org\junit\jupiter\junit-jupiter-engine\5.5.2\junit-jupiter-engine-5.5.2.jar;D:\juan_test\IdeaMaven-repository\org\junit\vintage\junit-vintage-engine\5.5.2\junit-vintage-engine-5.5.2.jar;D:\juan_test\IdeaMaven-repository\org\apiguardian\apiguardian-api\1.1.0\apiguardian-api-1.1.0.jar;D:\juan_test\IdeaMaven-repository\org\junit\platform\junit-platform-engine\1.5.2\junit-platform-engine-1.5.2.jar;D:\juan_test\IdeaMaven-repository\junit\junit\4.12\junit-4.12.jar;D:\juan_test\IdeaMaven-repository\org\mockito\mockito-junit-jupiter\3.1.0\mockito-junit-jupiter-3.1.0.jar;D:\juan_test\IdeaMaven-repository\org\hamcrest\hamcrest\2.1\hamcrest-2.1.jar;D:\juan_test\IdeaMaven-repository\org\mockito\mockito-core\3.1.0\mockito-core-3.1.0.jar;D:\juan_test\IdeaMaven-repository\net\bytebuddy\byte-buddy\1.10.2\byte-buddy-1.10.2.jar;D:\juan_test\IdeaMaven-repository\net\bytebuddy\byte-buddy-agent\1.10.2\byte-buddy-agent-1.10.2.jar;D:\juan_test\IdeaMaven-repository\org\objenesis\objenesis\2.6\objenesis-2.6.jar;D:\juan_test\IdeaMaven-repository\org\skyscreamer\jsonassert\1.5.0\jsonassert-1.5.0.jar;D:\juan_test\IdeaMaven-repository\com\vaadin\external\google\android-json\0.0.20131108.vaadin1\android-json-0.0.20131108.vaadin1.jar;D:\juan_test\IdeaMaven-repository\org\springframework\spring-test\5.2.1.RELEASE\spring-test-5.2.1.RELEASE.jar;D:\juan_test\IdeaMaven-repository\org\xmlunit\xmlunit-core\2.6.3\xmlunit-core-2.6.3.jar;D:\juan_test\IdeaMaven-repository\org\assertj\assertj-core\3.13.2\assertj-core-3.13.2.jar;D:\juan_test\IdeaMaven-repository\org\apache\maven\plugins\maven-deploy-plugin\2.8.2\maven-deploy-plugin-2.8.2.jar;D:\juan_test\IdeaMaven-repository\org\apache\maven\maven-plugin-api\2.2.1\maven-plugin-api-2.2.1.jar;D:\juan_test\IdeaMaven-repository\org\apache\maven\maven-project\2.2.1\maven-project-2.2.1.jar;D:\juan_test\IdeaMaven-repository\org\apache\maven\maven-settings\2.2.1\maven-settings-2.2.1.jar;D:\juan_test\IdeaMaven-repository\org\apache\maven\maven-profile\2.2.1\maven-profile-2.2.1.jar;D:\juan_test\IdeaMaven-repository\org\apache\maven\maven-artifact-manager\2.2.1\maven-artifact-manager-2.2.1.jar;D:\juan_test\IdeaMaven-repository\org\apache\maven\maven-repository-metadata\2.2.1\maven-repository-metadata-2.2.1.jar;D:\juan_test\IdeaMaven-repository\org\apache\maven\wagon\wagon-provider-api\1.0-beta-6\wagon-provider-api-1.0-beta-6.jar;D:\juan_test\IdeaMaven-repository\backport-util-concurrent\backport-util-concurrent\3.1\backport-util-concurrent-3.1.jar;D:\juan_test\IdeaMaven-repository\org\apache\maven\maven-plugin-registry\2.2.1\maven-plugin-registry-2.2.1.jar;D:\juan_test\IdeaMaven-repository\org\codehaus\plexus\plexus-interpolation\1.11\plexus-interpolation-1.11.jar;D:\juan_test\IdeaMaven-repository\org\codehaus\plexus\plexus-container-default\1.0-alpha-9-stable-1\plexus-container-default-1.0-alpha-9-stable-1.jar;D:\juan_test\IdeaMaven-repository\classworlds\classworlds\1.1-alpha-2\classworlds-1.1-alpha-2.jar;D:\juan_test\IdeaMaven-repository\org\apache\maven\maven-model\2.2.1\maven-model-2.2.1.jar;D:\juan_test\IdeaMaven-repository\org\apache\maven\maven-artifact\2.2.1\maven-artifact-2.2.1.jar;D:\juan_test\IdeaMaven-repository\org\codehaus\plexus\plexus-utils\3.0.15\plexus-utils-3.0.15.jar;"/>
    <property name="java.vm.vendor" value="Oracle Corporation"/>
    <property name="sun.arch.data.model" value="64"/>
    <property name="user.variant" value=""/>
    <property name="java.vendor.url" value="http://java.oracle.com/"/>
    <property name="user.timezone" value="Asia/Shanghai"/>
    <property name="java.vm.specification.version" value="1.8"/>
    <property name="os.name" value="Windows 10"/>
    <property name="user.country" value="CN"/>
    <property name="sun.java.launcher" value="SUN_STANDARD"/>
    <property name="sun.boot.library.path" value="D:\juan_test\Java\jdk1.8.0_231\jre\bin"/>
    <property name="sun.java.command" value="C:\Users\tengjianxing\AppData\Local\Temp\surefire2342868340614165522\surefirebooter5258191331977998442.jar C:\Users\tengjianxing\AppData\Local\Temp\surefire2342868340614165522 2019-11-16T21-39-55_818-jvmRun1 surefire4625592390301968159tmp surefire_07550584797387721507tmp"/>
    <property name="surefire.test.class.path" value="D:\juan_test\IdeaProjects\auto\target\test-classes;D:\juan_test\IdeaProjects\auto\target\classes;D:\juan_test\IdeaMaven-repository\io\qameta\allure\allure-junit5\2.13.0\allure-junit5-2.13.0.jar;D:\juan_test\IdeaMaven-repository\io\qameta\allure\allure-junit-platform\2.13.0\allure-junit-platform-2.13.0.jar;D:\juan_test\IdeaMaven-repository\io\qameta\allure\allure-java-commons\2.13.0\allure-java-commons-2.13.0.jar;D:\juan_test\IdeaMaven-repository\io\qameta\allure\allure-model\2.13.0\allure-model-2.13.0.jar;D:\juan_test\IdeaMaven-repository\org\apache\tika\tika-core\1.20\tika-core-1.20.jar;D:\juan_test\IdeaMaven-repository\org\jooq\joor-java-8\0.9.10\joor-java-8-0.9.10.jar;D:\juan_test\IdeaMaven-repository\org\junit\jupiter\junit-jupiter-api\5.5.2\junit-jupiter-api-5.5.2.jar;D:\juan_test\IdeaMaven-repository\org\opentest4j\opentest4j\1.2.0\opentest4j-1.2.0.jar;D:\juan_test\IdeaMaven-repository\org\junit\platform\junit-platform-commons\1.5.2\junit-platform-commons-1.5.2.jar;D:\juan_test\IdeaMaven-repository\org\junit\platform\junit-platform-launcher\1.5.2\junit-platform-launcher-1.5.2.jar;D:\juan_test\IdeaMaven-repository\org\springframework\boot\spring-boot-starter-web\2.2.1.RELEASE\spring-boot-starter-web-2.2.1.RELEASE.jar;D:\juan_test\IdeaMaven-repository\org\springframework\boot\spring-boot-starter\2.2.1.RELEASE\spring-boot-starter-2.2.1.RELEASE.jar;D:\juan_test\IdeaMaven-repository\org\springframework\boot\spring-boot-autoconfigure\2.2.1.RELEASE\spring-boot-autoconfigure-2.2.1.RELEASE.jar;D:\juan_test\IdeaMaven-repository\org\springframework\boot\spring-boot-starter-logging\2.2.1.RELEASE\spring-boot-starter-logging-2.2.1.RELEASE.jar;D:\juan_test\IdeaMaven-repository\ch\qos\logback\logback-classic\1.2.3\logback-classic-1.2.3.jar;D:\juan_test\IdeaMaven-repository\ch\qos\logback\logback-core\1.2.3\logback-core-1.2.3.jar;D:\juan_test\IdeaMaven-repository\org\apache\logging\log4j\log4j-to-slf4j\2.12.1\log4j-to-slf4j-2.12.1.jar;D:\juan_test\IdeaMaven-repository\org\apache\logging\log4j\log4j-api\2.12.1\log4j-api-2.12.1.jar;D:\juan_test\IdeaMaven-repository\org\slf4j\jul-to-slf4j\1.7.29\jul-to-slf4j-1.7.29.jar;D:\juan_test\IdeaMaven-repository\jakarta\annotation\jakarta.annotation-api\1.3.5\jakarta.annotation-api-1.3.5.jar;D:\juan_test\IdeaMaven-repository\org\yaml\snakeyaml\1.25\snakeyaml-1.25.jar;D:\juan_test\IdeaMaven-repository\org\springframework\boot\spring-boot-starter-json\2.2.1.RELEASE\spring-boot-starter-json-2.2.1.RELEASE.jar;D:\juan_test\IdeaMaven-repository\com\fasterxml\jackson\core\jackson-databind\2.10.0\jackson-databind-2.10.0.jar;D:\juan_test\IdeaMaven-repository\com\fasterxml\jackson\core\jackson-annotations\2.10.0\jackson-annotations-2.10.0.jar;D:\juan_test\IdeaMaven-repository\com\fasterxml\jackson\core\jackson-core\2.10.0\jackson-core-2.10.0.jar;D:\juan_test\IdeaMaven-repository\com\fasterxml\jackson\datatype\jackson-datatype-jdk8\2.10.0\jackson-datatype-jdk8-2.10.0.jar;D:\juan_test\IdeaMaven-repository\com\fasterxml\jackson\datatype\jackson-datatype-jsr310\2.10.0\jackson-datatype-jsr310-2.10.0.jar;D:\juan_test\IdeaMaven-repository\com\fasterxml\jackson\module\jackson-module-parameter-names\2.10.0\jackson-module-parameter-names-2.10.0.jar;D:\juan_test\IdeaMaven-repository\org\springframework\boot\spring-boot-starter-tomcat\2.2.1.RELEASE\spring-boot-starter-tomcat-2.2.1.RELEASE.jar;D:\juan_test\IdeaMaven-repository\org\apache\tomcat\embed\tomcat-embed-core\9.0.27\tomcat-embed-core-9.0.27.jar;D:\juan_test\IdeaMaven-repository\org\apache\tomcat\embed\tomcat-embed-el\9.0.27\tomcat-embed-el-9.0.27.jar;D:\juan_test\IdeaMaven-repository\org\apache\tomcat\embed\tomcat-embed-websocket\9.0.27\tomcat-embed-websocket-9.0.27.jar;D:\juan_test\IdeaMaven-repository\org\springframework\boot\spring-boot-starter-validation\2.2.1.RELEASE\spring-boot-starter-validation-2.2.1.RELEASE.jar;D:\juan_test\IdeaMaven-repository\jakarta\validation\jakarta.validation-api\2.0.1\jakarta.validation-api-2.0.1.jar;D:\juan_test\IdeaMaven-repository\org\hibernate\validator\hibernate-validator\6.0.18.Final\hibernate-validator-6.0.18.Final.jar;D:\juan_test\IdeaMaven-repository\org\jboss\logging\jboss-logging\3.4.1.Final\jboss-logging-3.4.1.Final.jar;D:\juan_test\IdeaMaven-repository\com\fasterxml\classmate\1.5.1\classmate-1.5.1.jar;D:\juan_test\IdeaMaven-repository\org\springframework\spring-webmvc\5.2.1.RELEASE\spring-webmvc-5.2.1.RELEASE.jar;D:\juan_test\IdeaMaven-repository\org\springframework\spring-aop\5.2.1.RELEASE\spring-aop-5.2.1.RELEASE.jar;D:\juan_test\IdeaMaven-repository\org\springframework\spring-context\5.2.1.RELEASE\spring-context-5.2.1.RELEASE.jar;D:\juan_test\IdeaMaven-repository\org\springframework\spring-expression\5.2.1.RELEASE\spring-expression-5.2.1.RELEASE.jar;D:\juan_test\IdeaMaven-repository\org\springframework\spring-web\5.2.1.RELEASE\spring-web-5.2.1.RELEASE.jar;D:\juan_test\IdeaMaven-repository\org\springframework\spring-beans\5.2.1.RELEASE\spring-beans-5.2.1.RELEASE.jar;D:\juan_test\IdeaMaven-repository\org\springframework\spring-core\5.2.1.RELEASE\spring-core-5.2.1.RELEASE.jar;D:\juan_test\IdeaMaven-repository\org\springframework\spring-jcl\5.2.1.RELEASE\spring-jcl-5.2.1.RELEASE.jar;D:\juan_test\IdeaMaven-repository\org\springframework\boot\spring-boot-test\2.2.1.RELEASE\spring-boot-test-2.2.1.RELEASE.jar;D:\juan_test\IdeaMaven-repository\org\springframework\boot\spring-boot\2.2.1.RELEASE\spring-boot-2.2.1.RELEASE.jar;D:\juan_test\IdeaMaven-repository\net\sourceforge\jexcelapi\jxl\2.6.12\jxl-2.6.12.jar;D:\juan_test\IdeaMaven-repository\log4j\log4j\1.2.14\log4j-1.2.14.jar;D:\juan_test\IdeaMaven-repository\org\springframework\boot\spring-boot-starter-test\2.2.1.RELEASE\spring-boot-starter-test-2.2.1.RELEASE.jar;D:\juan_test\IdeaMaven-repository\org\springframework\boot\spring-boot-test-autoconfigure\2.2.1.RELEASE\spring-boot-test-autoconfigure-2.2.1.RELEASE.jar;D:\juan_test\IdeaMaven-repository\com\jayway\jsonpath\json-path\2.4.0\json-path-2.4.0.jar;D:\juan_test\IdeaMaven-repository\net\minidev\json-smart\2.3\json-smart-2.3.jar;D:\juan_test\IdeaMaven-repository\net\minidev\accessors-smart\1.2\accessors-smart-1.2.jar;D:\juan_test\IdeaMaven-repository\org\ow2\asm\asm\5.0.4\asm-5.0.4.jar;D:\juan_test\IdeaMaven-repository\org\slf4j\slf4j-api\1.7.29\slf4j-api-1.7.29.jar;D:\juan_test\IdeaMaven-repository\jakarta\xml\bind\jakarta.xml.bind-api\2.3.2\jakarta.xml.bind-api-2.3.2.jar;D:\juan_test\IdeaMaven-repository\jakarta\activation\jakarta.activation-api\1.2.1\jakarta.activation-api-1.2.1.jar;D:\juan_test\IdeaMaven-repository\org\junit\jupiter\junit-jupiter\5.5.2\junit-jupiter-5.5.2.jar;D:\juan_test\IdeaMaven-repository\org\junit\jupiter\junit-jupiter-params\5.5.2\junit-jupiter-params-5.5.2.jar;D:\juan_test\IdeaMaven-repository\org\junit\jupiter\junit-jupiter-engine\5.5.2\junit-jupiter-engine-5.5.2.jar;D:\juan_test\IdeaMaven-repository\org\junit\vintage\junit-vintage-engine\5.5.2\junit-vintage-engine-5.5.2.jar;D:\juan_test\IdeaMaven-repository\org\apiguardian\apiguardian-api\1.1.0\apiguardian-api-1.1.0.jar;D:\juan_test\IdeaMaven-repository\org\junit\platform\junit-platform-engine\1.5.2\junit-platform-engine-1.5.2.jar;D:\juan_test\IdeaMaven-repository\junit\junit\4.12\junit-4.12.jar;D:\juan_test\IdeaMaven-repository\org\mockito\mockito-junit-jupiter\3.1.0\mockito-junit-jupiter-3.1.0.jar;D:\juan_test\IdeaMaven-repository\org\hamcrest\hamcrest\2.1\hamcrest-2.1.jar;D:\juan_test\IdeaMaven-repository\org\mockito\mockito-core\3.1.0\mockito-core-3.1.0.jar;D:\juan_test\IdeaMaven-repository\net\bytebuddy\byte-buddy\1.10.2\byte-buddy-1.10.2.jar;D:\juan_test\IdeaMaven-repository\net\bytebuddy\byte-buddy-agent\1.10.2\byte-buddy-agent-1.10.2.jar;D:\juan_test\IdeaMaven-repository\org\objenesis\objenesis\2.6\objenesis-2.6.jar;D:\juan_test\IdeaMaven-repository\org\skyscreamer\jsonassert\1.5.0\jsonassert-1.5.0.jar;D:\juan_test\IdeaMaven-repository\com\vaadin\external\google\android-json\0.0.20131108.vaadin1\android-json-0.0.20131108.vaadin1.jar;D:\juan_test\IdeaMaven-repository\org\springframework\spring-test\5.2.1.RELEASE\spring-test-5.2.1.RELEASE.jar;D:\juan_test\IdeaMaven-repository\org\xmlunit\xmlunit-core\2.6.3\xmlunit-core-2.6.3.jar;D:\juan_test\IdeaMaven-repository\org\assertj\assertj-core\3.13.2\assertj-core-3.13.2.jar;D:\juan_test\IdeaMaven-repository\org\apache\maven\plugins\maven-deploy-plugin\2.8.2\maven-deploy-plugin-2.8.2.jar;D:\juan_test\IdeaMaven-repository\org\apache\maven\maven-plugin-api\2.2.1\maven-plugin-api-2.2.1.jar;D:\juan_test\IdeaMaven-repository\org\apache\maven\maven-project\2.2.1\maven-project-2.2.1.jar;D:\juan_test\IdeaMaven-repository\org\apache\maven\maven-settings\2.2.1\maven-settings-2.2.1.jar;D:\juan_test\IdeaMaven-repository\org\apache\maven\maven-profile\2.2.1\maven-profile-2.2.1.jar;D:\juan_test\IdeaMaven-repository\org\apache\maven\maven-artifact-manager\2.2.1\maven-artifact-manager-2.2.1.jar;D:\juan_test\IdeaMaven-repository\org\apache\maven\maven-repository-metadata\2.2.1\maven-repository-metadata-2.2.1.jar;D:\juan_test\IdeaMaven-repository\org\apache\maven\wagon\wagon-provider-api\1.0-beta-6\wagon-provider-api-1.0-beta-6.jar;D:\juan_test\IdeaMaven-repository\backport-util-concurrent\backport-util-concurrent\3.1\backport-util-concurrent-3.1.jar;D:\juan_test\IdeaMaven-repository\org\apache\maven\maven-plugin-registry\2.2.1\maven-plugin-registry-2.2.1.jar;D:\juan_test\IdeaMaven-repository\org\codehaus\plexus\plexus-interpolation\1.11\plexus-interpolation-1.11.jar;D:\juan_test\IdeaMaven-repository\org\codehaus\plexus\plexus-container-default\1.0-alpha-9-stable-1\plexus-container-default-1.0-alpha-9-stable-1.jar;D:\juan_test\IdeaMaven-repository\classworlds\classworlds\1.1-alpha-2\classworlds-1.1-alpha-2.jar;D:\juan_test\IdeaMaven-repository\org\apache\maven\maven-model\2.2.1\maven-model-2.2.1.jar;D:\juan_test\IdeaMaven-repository\org\apache\maven\maven-artifact\2.2.1\maven-artifact-2.2.1.jar;D:\juan_test\IdeaMaven-repository\org\codehaus\plexus\plexus-utils\3.0.15\plexus-utils-3.0.15.jar;"/>
    <property name="sun.cpu.endian" value="little"/>
    <property name="user.home" value="C:\Users\tengjianxing"/>
    <property name="user.language" value="zh"/>
    <property name="java.specification.vendor" value="Oracle Corporation"/>
    <property name="java.home" value="D:\juan_test\Java\jdk1.8.0_231\jre"/>
    <property name="basedir" value="D:\juan_test\IdeaProjects\auto"/>
    <property name="file.separator" value="\"/>
    <property name="line.separator" value="&#10;"/>
    <property name="idea.version2019.2.4" value="true"/>
    <property name="java.vm.specification.vendor" value="Oracle Corporation"/>
    <property name="java.specification.name" value="Java Platform API Specification"/>
    <property name="java.awt.graphicsenv" value="sun.awt.Win32GraphicsEnvironment"/>
    <property name="surefire.real.class.path" value="C:\Users\tengjianxing\AppData\Local\Temp\surefire2342868340614165522\surefirebooter5258191331977998442.jar;D:\juan_test\IdeaMaven-repository/org/aspectj/aspectjweaver/1.8.10/aspectjweaver-1.8.10.jar"/>
    <property name="sun.boot.class.path" value="D:\juan_test\Java\jdk1.8.0_231\jre\lib\resources.jar;D:\juan_test\Java\jdk1.8.0_231\jre\lib\rt.jar;D:\juan_test\Java\jdk1.8.0_231\jre\lib\sunrsasign.jar;D:\juan_test\Java\jdk1.8.0_231\jre\lib\jsse.jar;D:\juan_test\Java\jdk1.8.0_231\jre\lib\jce.jar;D:\juan_test\Java\jdk1.8.0_231\jre\lib\charsets.jar;D:\juan_test\Java\jdk1.8.0_231\jre\lib\jfr.jar;D:\juan_test\Java\jdk1.8.0_231\jre\classes"/>
    <property name="user.script" value=""/>
    <property name="sun.management.compiler" value="HotSpot 64-Bit Tiered Compilers"/>
    <property name="java.runtime.version" value="1.8.0_231-b11"/>
    <property name="user.name" value="tengjianxing"/>
    <property name="path.separator" value=";"/>
    <property name="os.version" value="10.0"/>
    <property name="java.endorsed.dirs" value="D:\juan_test\Java\jdk1.8.0_231\jre\lib\endorsed"/>
    <property name="java.runtime.name" value="Java(TM) SE Runtime Environment"/>
    <property name="file.encoding" value="GBK"/>
    <property name="java.vm.name" value="Java HotSpot(TM) 64-Bit Server VM"/>
    <property name="localRepository" value="D:\juan_test\IdeaMaven-repository"/>
    <property name="java.vendor.url.bug" value="http://bugreport.sun.com/bugreport/"/>
    <property name="java.io.tmpdir" value="C:\Users\TENGJI~1\AppData\Local\Temp\"/>
    <property name="java.version" value="1.8.0_231"/>
    <property name="user.dir" value="D:\juan_test\IdeaProjects\auto"/>
    <property name="os.arch" value="amd64"/>
    <property name="java.vm.specification.name" value="Java Virtual Machine Specification"/>
    <property name="java.awt.printerjob" value="sun.awt.windows.WPrinterJob"/>
    <property name="sun.os.patch.level" value=""/>
    <property name="java.library.path" value="D:\juan_test\Java\jdk1.8.0_231\jre\bin;C:\Windows\Sun\Java\bin;C:\Windows\system32;C:\Windows;C:\Program Files (x86)\Common Files\Oracle\Java\javapath;D:\Program Files (x86)\NetSarang\Xshell 6\;C:\Windows\system32;C:\Windows;C:\Windows\System32\Wbem;C:\Windows\System32\WindowsPowerShell\v1.0\;C:\Windows\System32\OpenSSH\;C:\Program Files\Intel\WiFi\bin\;C:\Program Files\Common Files\Intel\WirelessCommon\;C:\Program Files (x86)\NVIDIA Corporation\PhysX\Common;C:\Program Files\NVIDIA Corporation\NVIDIA NvDLISR;D:\juan_test\Java\jdk1.8.0_231\bin;D:\juan_test\Java\jdk1.8.0_231\jre\bin;C:\Users\tengjianxing\AppData\Local\JetBrains\Toolbox\apps\IDEA-U\ch-0\192.7142.36\plugins\maven\lib\maven3\bin;D:\juan_test\allure\bin;C:\Users\tengjianxing\scoop\shims;C:\Users\tengjianxing\AppData\Local\Microsoft\WindowsApps;;."/>
    <property name="junit.jupiter.extensions.autodetection.enabled" value="true"/>
    <property name="java.vm.info" value="mixed mode"/>
    <property name="java.vendor" value="Oracle Corporation"/>
    <property name="java.vm.version" value="25.231-b11"/>
    <property name="java.ext.dirs" value="D:\juan_test\Java\jdk1.8.0_231\jre\lib\ext;C:\Windows\Sun\Java\lib\ext"/>
    <property name="sun.io.unicode.encoding" value="UnicodeLittle"/>
    <property name="java.class.version" value="52.0"/>
  </properties>
  <testcase name="test1" classname="com.vanke.cn.util.ExcelUtilTest" time="0.622"/>
</testsuite>